//
//  Rules descriptions for XFree86
//  Copyright 1996 by Joseph Moss
//
//  $XFree86: xc/programs/xkbcomp/rules/xfree86.lst,v 3.3 1996/12/18 03:30:14 dawes Exp $

! model
  pc98		PC-98 series standard
  jp106		Japanese 106-key

! layout
  pc98		PC98
  jp		Japanese

! variant
  nodeadkeys	Eliminate dead keys

! option
  grp			Group Shift/Lock behavior
  grp:switch		R-Alt switches group while pressed
  grp:toggle		Right Alt key changes group
  grp:shift_toggle 	Both Shift keys together change group
  grp:ctrl_shift_toggle Control+Shift changes group
  grp:ctrl_alt_toggle	Alt+Control changes group
  ctrl			Control Key Position
  ctrl:nocaps		Make CapsLock an additional Control
  ctrl:swapcaps		Swap Control and Caps Lock
  ctrl:ctrl_ac		Control key at left of 'A'
  ctrl:ctrl_aa		Control key at bottom left

